Build started 21/10/2015 01:39:31.
     1>Project "E:\Epitech\godisagirl\SoundEngine\Build\SoundEngine.vcxproj" on node 2 (Build target(s)).
     1>CustomBuild:
         Building Custom Rule E:/Epitech/godisagirl/SoundEngine/CMakeLists.txt
         CMake does not need to re-run because E:\Epitech\godisagirl\SoundEngine\Build\CMakeFiles\generate.stamp is up-to-date.
       ClCompile:
         C:\Program Files (x86)\Microsoft Visual Studio 12.0\VC\bin\x86_amd64\CL.exe /c /IE:\Epitech\godisagirl\SoundEngine\include /IE:\Epitech\godisagirl\SoundEngine\dependencies\include /Zi /nologo /W3 /WX- /Od /Ob0 /D WIN32 /D _WINDOWS /D _DEBUG /D "CMAKE_INTDIR=\"Debug\"" /D _MBCS /Gm- /EHsc /RTC1 /MDd /GS /fp:precise /Zc:wchar_t /Zc:forScope /GR /Fo"SoundEngine.dir\Debug\\" /Fd"SoundEngine.dir\Debug\vc120.pdb" /Gd /TP /errorReport:prompt E:\Epitech\godisagirl\SoundEngine\src\SoundEngine.cpp E:\Epitech\godisagirl\SoundEngine\src\AudioExeption.cpp E:\Epitech\godisagirl\SoundEngine\src\IdAlreadyTakeExeption.cpp E:\Epitech\godisagirl\SoundEngine\src\NotFoundExeption.cpp E:\Epitech\godisagirl\SoundEngine\src\Main.cpp
         SoundEngine.cpp
         AudioExeption.cpp
         IdAlreadyTakeExeption.cpp
         NotFoundExeption.cpp
         Main.cpp
         Generating Code...
       Lib:
         C:\Program Files (x86)\Microsoft Visual Studio 12.0\VC\bin\x86_amd64\Lib.exe /OUT:"E:\Epitech\godisagirl\SoundEngine\Build\Debug\SoundEngine.lib" /NOLOGO /MACHINE:X64 SoundEngine.dir\Debug\SoundEngine.obj
         SoundEngine.dir\Debug\AudioExeption.obj
         SoundEngine.dir\Debug\IdAlreadyTakeExeption.obj
         SoundEngine.dir\Debug\NotFoundExeption.obj
         SoundEngine.dir\Debug\Main.obj
         SoundEngine.vcxproj -> E:\Epitech\godisagirl\SoundEngine\Build\Debug\SoundEngine.lib
       PostBuildEvent:
         setlocal
         F:\CMake\bin\cmake.exe -E copy_directory E:/Epitech/godisagirl/SoundEngine/dependencies/bin/ E:/Epitech/godisagirl/SoundEngine/Build/Debug
         if %errorlevel% neq 0 goto :cmEnd
         :cmEnd
         endlocal & call :cmErrorLevel %errorlevel% & goto :cmDone
         :cmErrorLevel
         exit /b %1
         :cmDone
         if %errorlevel% neq 0 goto :VCEnd
         setlocal
         F:\CMake\bin\cmake.exe -E copy_directory E:/Epitech/godisagirl/SoundEngine/Resources E:/Epitech/godisagirl/SoundEngine/Build/Debug/Resources
         if %errorlevel% neq 0 goto :cmEnd
         :cmEnd
         endlocal & call :cmErrorLevel %errorlevel% & goto :cmDone
         :cmErrorLevel
         exit /b %1
         :cmDone
         if %errorlevel% neq 0 goto :VCEnd
         :VCEnd
     1>Done Building Project "E:\Epitech\godisagirl\SoundEngine\Build\SoundEngine.vcxproj" (Build target(s)).

Build succeeded.

Time Elapsed 00:00:01.92
