Build started 10/06/2016 23:57:53.
     1>Project "E:\Epitech\godisagirl\Build\InputEngine\InputEngine.vcxproj" on node 3 (Build target(s)).
     1>CustomBuild:
         Building Custom Rule E:/Epitech/godisagirl/InputEngine/CMakeLists.txt
         CMake does not need to re-run because E:\Epitech\godisagirl\Build\InputEngine\CMakeFiles\generate.stamp is up-to-date.
       ClCompile:
         C:\Program Files (x86)\Microsoft Visual Studio 12.0\VC\bin\x86_amd64\CL.exe /c /IE:\Epitech\godisagirl\InputEngine\include /IE:\Epitech\godisagirl\InputEngine\dependencies\include /Zi /nologo /W3 /WX- /Od /Ob0 /D WIN32 /D _WINDOWS /D _DEBUG /D "CMAKE_INTDIR=\"Debug\"" /D _MBCS /Gm- /EHsc /RTC1 /MDd /GS /fp:precise /Zc:wchar_t /Zc:forScope /GR /Fo"InputEngine.dir\Debug\\" /Fd"InputEngine.dir\Debug\vc120.pdb" /Gd /TP /errorReport:prompt E:\Epitech\godisagirl\InputEngine\src\Gamepad.cpp E:\Epitech\godisagirl\InputEngine\src\InputEngine.cpp E:\Epitech\godisagirl\InputEngine\src\KeyBoard.cpp E:\Epitech\godisagirl\InputEngine\src\Utils.cpp
         Gamepad.cpp
         InputEngine.cpp
         KeyBoard.cpp
         Utils.cpp
         Generating Code...
       Lib:
         C:\Program Files (x86)\Microsoft Visual Studio 12.0\VC\bin\x86_amd64\Lib.exe /OUT:"E:\Epitech\godisagirl\Build\lib\Debug\InputEngine_d.lib" /NOLOGO /MACHINE:X64 InputEngine.dir\Debug\Gamepad.obj
         InputEngine.dir\Debug\InputEngine.obj
         InputEngine.dir\Debug\KeyBoard.obj
         InputEngine.dir\Debug\Utils.obj
         InputEngine.vcxproj -> E:\Epitech\godisagirl\Build\lib\Debug\InputEngine_d.lib
     1>Done Building Project "E:\Epitech\godisagirl\Build\InputEngine\InputEngine.vcxproj" (Build target(s)).

Build succeeded.

Time Elapsed 00:00:03.79
